[   18345ms] [ERROR] Failed to load resource: the server responded with a status of 404 (Not Found) @ http://localhost:3000/Ownermd/_navbar.md:0
[   18387ms] [ERROR] Failed to load resource: the server responded with a status of 404 (Not Found) @ http://localhost:3000/Ownermd/_sidebar.md:0
[   22113ms] [ERROR] Failed to load resource: net::ERR_CONNECTION_TIMED_OUT @ https://fonts.gstatic.com/s/sourcesanspro/v23/6xKydSBYKcSV-LCoeQqfX1RYOo3ik4zwlxdu.woff2:0
[   22114ms] [ERROR] Failed to load resource: net::ERR_CONNECTION_TIMED_OUT @ https://fonts.gstatic.com/s/sourcesanspro/v23/6xK3dSBYKcSV-LCoeQqfX1RYOo3qOK7l.woff2:0
[   22379ms] [ERROR] Failed to load resource: net::ERR_QUIC_PROTOCOL_ERROR.QUIC_NETWORK_IDLE_TIMEOUT @ https://fonts.gstatic.com/s/sourcesanspro/v23/6xKydSBYKcSV-LCoeQqfX1RYOo3i54rwlxdu.woff2:0
[   90783ms] [ERROR] Failed to load resource: net::ERR_CONNECTION_TIMED_OUT @ https://fonts.gstatic.com/s/sourcesanspro/v23/6xK3dSBYKcSV-LCoeQqfX1RYOo3qOK7l.woff2:0
[   90783ms] [ERROR] Failed to load resource: net::ERR_CONNECTION_TIMED_OUT @ https://fonts.gstatic.com/s/sourcesanspro/v23/6xKydSBYKcSV-LCoeQqfX1RYOo3i54rwlxdu.woff2:0
[  113663ms] [ERROR] Failed to load resource: net::ERR_CONNECTION_TIMED_OUT @ https://fonts.gstatic.com/s/sourcesanspro/v23/6xK3dSBYKcSV-LCoeQqfX1RYOo3qOK7l.woff2:0
[  113663ms] [ERROR] Failed to load resource: net::ERR_CONNECTION_TIMED_OUT @ https://fonts.gstatic.com/s/sourcesanspro/v23/6xKydSBYKcSV-LCoeQqfX1RYOo3i54rwlxdu.woff2:0
[  245865ms] [ERROR] Failed to load resource: the server responded with a status of 404 (Not Found) @ http://localhost:3000/Ownermd/_sidebar.md:0
[  245867ms] [ERROR] Failed to load resource: the server responded with a status of 404 (Not Found) @ http://localhost:3000/Ownermd/_navbar.md:0
[  286368ms] [ERROR] Failed to load resource: the server responded with a status of 404 (Not Found) @ http://localhost:3000/Ownermd/_sidebar.md:0
[  286371ms] [ERROR] Failed to load resource: the server responded with a status of 404 (Not Found) @ http://localhost:3000/Ownermd/_navbar.md:0
[  645310ms] Unexpected end of input
[  780853ms] [ERROR] Failed to load resource: the server responded with a status of 404 (Not Found) @ http://localhost:3000/Ownermd/_navbar.md:0
[  780856ms] [ERROR] Failed to load resource: the server responded with a status of 404 (Not Found) @ http://localhost:3000/Ownermd/_sidebar.md:0
[ 1024091ms] [ERROR] Failed to load resource: the server responded with a status of 404 (Not Found) @ http://localhost:3000/Ownermd/_navbar.md:0
[ 1024094ms] [ERROR] Failed to load resource: the server responded with a status of 404 (Not Found) @ http://localhost:3000/Ownermd/_sidebar.md:0
[ 1300183ms] [ERROR] Failed to load resource: the server responded with a status of 404 (Not Found) @ http://localhost:3000/Ownermd/_navbar.md:0
[ 1300208ms] [ERROR] Failed to load resource: the server responded with a status of 404 (Not Found) @ http://localhost:3000/Ownermd/_sidebar.md:0
[ 1444413ms] [ERROR] Failed to load resource: the server responded with a status of 404 (Not Found) @ http://localhost:3000/Ownermd/_navbar.md:0
[ 1444417ms] [ERROR] Failed to load resource: the server responded with a status of 404 (Not Found) @ http://localhost:3000/Ownermd/_sidebar.md:0
