[     141ms] [ERROR] Failed to load resource: the server responded with a status of 404 (Not Found) @ http://localhost:3000/%E9%86%92%E7%8B%AE%E7%A4%BE%E5%8C%BA%E6%96%87%E6%A1%A3/_navbar.md:0
[     156ms] [ERROR] Not allowed to load local resource: file:///E:/Projects/ThersummerBlog/images/%E4%B8%AA%E4%BA%BA%E5%8D%9A%E5%AE%A2/image-20260702231250853.png @ http://localhost:3000/#/%E9%86%92%E7%8B%AE%E7%A4%BE%E5%8C%BA%E6%96%87%E6%A1%A3/Thesummer%E4%B8%AA%E4%BA%BA%E4%B8%93%E5%B1%9E%E5%8D%9A%E5%AE%A2:0
[     157ms] [ERROR] Not allowed to load local resource: file:///E:/Projects/ThersummerBlog/images/%E4%B8%AA%E4%BA%BA%E5%8D%9A%E5%AE%A2/image-20260702231219074.png @ http://localhost:3000/#/%E9%86%92%E7%8B%AE%E7%A4%BE%E5%8C%BA%E6%96%87%E6%A1%A3/Thesummer%E4%B8%AA%E4%BA%BA%E4%B8%93%E5%B1%9E%E5%8D%9A%E5%AE%A2:0
[     201ms] [ERROR] Failed to load resource: the server responded with a status of 404 (Not Found) @ http://localhost:3000/%E9%86%92%E7%8B%AE%E7%A4%BE%E5%8C%BA%E6%96%87%E6%A1%A3/_sidebar.md:0
[   78934ms] [ERROR] Failed to load resource: the server responded with a status of 404 (Not Found) @ http://localhost:3000/%E9%86%92%E7%8B%AE%E7%A4%BE%E5%8C%BA%E6%96%87%E6%A1%A3/_navbar.md:0
[   78961ms] [ERROR] Failed to load resource: the server responded with a status of 404 (Not Found) @ http://localhost:3000/%E9%86%92%E7%8B%AE%E7%A4%BE%E5%8C%BA%E6%96%87%E6%A1%A3/images/%E4%B8%AA%E4%BA%BA%E5%8D%9A%E5%AE%A2/image-20260702231250853.png:0
[   78962ms] [ERROR] Failed to load resource: the server responded with a status of 404 (Not Found) @ http://localhost:3000/%E9%86%92%E7%8B%AE%E7%A4%BE%E5%8C%BA%E6%96%87%E6%A1%A3/images/%E4%B8%AA%E4%BA%BA%E5%8D%9A%E5%AE%A2/image-20260702231219074.png:0
[   78963ms] [ERROR] Failed to load resource: the server responded with a status of 404 (Not Found) @ http://localhost:3000/%E9%86%92%E7%8B%AE%E7%A4%BE%E5%8C%BA%E6%96%87%E6%A1%A3/_sidebar.md:0
[   89589ms] [ERROR] Failed to load resource: the server responded with a status of 404 (Not Found) @ http://localhost:3000/%E9%86%92%E7%8B%AE%E7%A4%BE%E5%8C%BA%E6%96%87%E6%A1%A3/_navbar.md:0
[   89596ms] [ERROR] Failed to load resource: the server responded with a status of 404 (Not Found) @ http://localhost:3000/%E9%86%92%E7%8B%AE%E7%A4%BE%E5%8C%BA%E6%96%87%E6%A1%A3/_sidebar.md:0
[   89597ms] [ERROR] Failed to load resource: the server responded with a status of 404 (Not Found) @ http://localhost:3000/%E9%86%92%E7%8B%AE%E7%A4%BE%E5%8C%BA%E6%96%87%E6%A1%A3/images/%E4%B8%AA%E4%BA%BA%E5%8D%9A%E5%AE%A2/image-20260702231250853.png:0
[   89597ms] [ERROR] Failed to load resource: the server responded with a status of 404 (Not Found) @ http://localhost:3000/%E9%86%92%E7%8B%AE%E7%A4%BE%E5%8C%BA%E6%96%87%E6%A1%A3/images/%E4%B8%AA%E4%BA%BA%E5%8D%9A%E5%AE%A2/image-20260702231219074.png:0
[  135782ms] [ERROR] Failed to load resource: the server responded with a status of 404 (Not Found) @ http://localhost:3000/%E9%86%92%E7%8B%AE%E7%A4%BE%E5%8C%BA%E6%96%87%E6%A1%A3/_navbar.md:0
[  135787ms] [ERROR] Failed to load resource: the server responded with a status of 404 (Not Found) @ http://localhost:3000/%E9%86%92%E7%8B%AE%E7%A4%BE%E5%8C%BA%E6%96%87%E6%A1%A3/_sidebar.md:0
[  135788ms] [ERROR] Failed to load resource: the server responded with a status of 404 (Not Found) @ http://localhost:3000/%E9%86%92%E7%8B%AE%E7%A4%BE%E5%8C%BA%E6%96%87%E6%A1%A3/images/%E4%B8%AA%E4%BA%BA%E5%8D%9A%E5%AE%A2/image-20260702231250853.png:0
[  135789ms] [ERROR] Failed to load resource: the server responded with a status of 404 (Not Found) @ http://localhost:3000/%E9%86%92%E7%8B%AE%E7%A4%BE%E5%8C%BA%E6%96%87%E6%A1%A3/images/%E4%B8%AA%E4%BA%BA%E5%8D%9A%E5%AE%A2/image-20260702231219074.png:0
[  144678ms] [ERROR] Failed to load resource: the server responded with a status of 404 (Not Found) @ http://localhost:3000/%E9%86%92%E7%8B%AE%E7%A4%BE%E5%8C%BA%E6%96%87%E6%A1%A3/_navbar.md:0
[  144687ms] [ERROR] Failed to load resource: the server responded with a status of 404 (Not Found) @ http://localhost:3000/%E9%86%92%E7%8B%AE%E7%A4%BE%E5%8C%BA%E6%96%87%E6%A1%A3/_sidebar.md:0
[  144688ms] [ERROR] Failed to load resource: the server responded with a status of 404 (Not Found) @ http://localhost:3000/%E9%86%92%E7%8B%AE%E7%A4%BE%E5%8C%BA%E6%96%87%E6%A1%A3/images/%E4%B8%AA%E4%BA%BA%E5%8D%9A%E5%AE%A2/image-20260702231219074.png:0
[  150098ms] [ERROR] Failed to load resource: the server responded with a status of 404 (Not Found) @ http://localhost:3000/%E9%86%92%E7%8B%AE%E7%A4%BE%E5%8C%BA%E6%96%87%E6%A1%A3/_navbar.md:0
[  150114ms] [ERROR] Failed to load resource: the server responded with a status of 404 (Not Found) @ http://localhost:3000/%E9%86%92%E7%8B%AE%E7%A4%BE%E5%8C%BA%E6%96%87%E6%A1%A3/_sidebar.md:0
[  318283ms] [ERROR] Failed to load resource: the server responded with a status of 404 (Not Found) @ http://localhost:3000/%E9%86%92%E7%8B%AE%E7%A4%BE%E5%8C%BA%E6%96%87%E6%A1%A3/_navbar.md:0
[  318284ms] [ERROR] Failed to load resource: the server responded with a status of 404 (Not Found) @ http://localhost:3000/%E9%86%92%E7%8B%AE%E7%A4%BE%E5%8C%BA%E6%96%87%E6%A1%A3/_sidebar.md:0
[  561498ms] [ERROR] Failed to load resource: the server responded with a status of 404 (Not Found) @ http://localhost:3000/%E9%86%92%E7%8B%AE%E7%A4%BE%E5%8C%BA%E6%96%87%E6%A1%A3/_navbar.md:0
[  561543ms] [ERROR] Failed to load resource: the server responded with a status of 404 (Not Found) @ http://localhost:3000/%E9%86%92%E7%8B%AE%E7%A4%BE%E5%8C%BA%E6%96%87%E6%A1%A3/_sidebar.md:0
[  625203ms] [ERROR] Failed to load resource: the server responded with a status of 404 (Not Found) @ http://localhost:3000/%E9%86%92%E7%8B%AE%E7%A4%BE%E5%8C%BA%E6%96%87%E6%A1%A3/_navbar.md:0
[  625242ms] [ERROR] Failed to load resource: the server responded with a status of 404 (Not Found) @ http://localhost:3000/%E9%86%92%E7%8B%AE%E7%A4%BE%E5%8C%BA%E6%96%87%E6%A1%A3/_sidebar.md:0
[  688346ms] [ERROR] Failed to load resource: the server responded with a status of 404 (Not Found) @ http://localhost:3000/%E9%86%92%E7%8B%AE%E7%A4%BE%E5%8C%BA%E6%96%87%E6%A1%A3/_navbar.md:0
[  688384ms] [ERROR] Failed to load resource: the server responded with a status of 404 (Not Found) @ http://localhost:3000/%E9%86%92%E7%8B%AE%E7%A4%BE%E5%8C%BA%E6%96%87%E6%A1%A3/_sidebar.md:0
[  695109ms] [ERROR] Failed to load resource: the server responded with a status of 404 (Not Found) @ http://localhost:3000/%E9%86%92%E7%8B%AE%E7%A4%BE%E5%8C%BA%E6%96%87%E6%A1%A3/_navbar.md:0
[  695124ms] [ERROR] Failed to load resource: the server responded with a status of 404 (Not Found) @ http://localhost:3000/%E9%86%92%E7%8B%AE%E7%A4%BE%E5%8C%BA%E6%96%87%E6%A1%A3/_sidebar.md:0
[  715528ms] [ERROR] Failed to load resource: the server responded with a status of 404 (Not Found) @ http://localhost:3000/%E9%86%92%E7%8B%AE%E7%A4%BE%E5%8C%BA%E6%96%87%E6%A1%A3/_navbar.md:0
[  715542ms] [ERROR] Failed to load resource: the server responded with a status of 404 (Not Found) @ http://localhost:3000/%E9%86%92%E7%8B%AE%E7%A4%BE%E5%8C%BA%E6%96%87%E6%A1%A3/_sidebar.md:0
[  788675ms] [ERROR] Failed to load resource: the server responded with a status of 404 (Not Found) @ http://localhost:3000/%E9%86%92%E7%8B%AE%E7%A4%BE%E5%8C%BA%E6%96%87%E6%A1%A3/_navbar.md:0
[  788706ms] [ERROR] Failed to load resource: the server responded with a status of 404 (Not Found) @ http://localhost:3000/%E9%86%92%E7%8B%AE%E7%A4%BE%E5%8C%BA%E6%96%87%E6%A1%A3/_sidebar.md:0
